~~ Round 1 ~~
Player Wizard 1 was killed by Rogue 0

~~~ Results at the end of the round ~~~

R 0 200 407 0 1
W dead
W 0 0 375 1 1
W 0 0 375 1 1

~~ Round 2 ~~
Angel LifeGiver was spawned at 2 2

~~~ Results at the end of the round ~~~

R 0 200 407 0 1
W dead
W 0 0 350 1 1
W 0 0 350 1 1

~~ Round 3 ~~
Angel SmallAngel was spawned at 2 2

~~~ Results at the end of the round ~~~

R 0 200 407 0 1
W dead
W 0 0 325 1 1
W 0 0 325 1 1

~~ Round 4 ~~
Angel Dracula was spawned at 1 2
Dracula hit Wizard 3

~~~ Results at the end of the round ~~~

R 0 200 407 0 1
W dead
W 0 0 325 1 1
W 0 0 305 1 2

~~ Round 5 ~~
Player Wizard 2 was killed by Rogue 0
Rogue 0 reached level 1
Rogue 0 reached level 2
Rogue 0 reached level 3
Rogue 0 reached level 4
Angel Spawner was spawned at 0 1
Spawner helped Wizard 1
Player Wizard 1 was brought to life by an angel

~~~ Results at the end of the round ~~~

R 4 400 760 1 1
W 0 0 120 0 1
W dead
W 0 0 305 1 2

~~ Results ~~
R 4 400 760 1 1
W 0 0 120 0 1
W dead
W 0 0 305 1 2
