~~ Round 1 ~~
Player Wizard 1 was killed by Rogue 0

~~~ Results at the end of the round ~~~

R 0 200 407 0 3
W dead
W 0 0 375 1 3
W 0 0 375 1 3
W 0 0 375 2 3
W 0 0 375 2 3
W 0 0 400 3 3
K 0 0 900 3 1

~~ Round 2 ~~
Angel LifeGiver was spawned at 2 2
Angel XPAngel was spawned at 1 1
Angel DarkAngel was spawned at 1 3
DarkAngel hit Wizard 2
DarkAngel hit Wizard 3
Angel DamageAngel was spawned at 1 3
DamageAngel helped Wizard 2
DamageAngel helped Wizard 3

~~~ Results at the end of the round ~~~

R 0 200 407 0 3
W dead
W 0 0 330 1 3
W 0 0 330 1 3
W 0 0 350 2 3
W 0 0 350 2 3
W 0 0 400 3 3
K 0 0 900 3 1

~~ Round 3 ~~
Angel SmallAngel was spawned at 2 2

~~~ Results at the end of the round ~~~

R 0 200 407 0 3
W dead
W 0 0 295 1 3
W 0 0 295 1 3
W 0 0 325 2 3
W 0 0 325 2 3
W 0 0 400 3 3
K 0 0 900 3 1

~~ Round 4 ~~
Player Wizard 2 was killed by Rogue 0
Rogue 0 reached level 1
Rogue 0 reached level 2
Rogue 0 reached level 3
Rogue 0 reached level 4
Angel TheDoomer was spawned at 0 3
TheDoomer hit Rogue 0
Player Rogue 0 was killed by an angel

~~~ Results at the end of the round ~~~

R dead
W dead
W dead
W 0 0 295 1 3
W 0 0 300 2 3
W 0 0 300 2 3
W 0 0 400 3 3
K 0 0 900 3 1

~~ Round 5 ~~
Angel XPAngel was spawned at 1 3
XPAngel helped Wizard 3

~~~ Results at the end of the round ~~~

R dead
W dead
W dead
W 0 60 295 1 3
W 0 0 300 2 3
W 0 0 275 3 3
W 0 0 375 3 3
K 0 0 900 3 1

~~ Round 6 ~~
Angel XPAngel was spawned at 1 3
XPAngel helped Wizard 3

~~~ Results at the end of the round ~~~

R dead
W dead
W dead
W 0 120 295 1 3
W 0 0 300 2 3
W 0 0 250 3 3
W 0 0 350 3 3
K 0 0 900 3 1

~~ Round 7 ~~
Angel XPAngel was spawned at 1 3
XPAngel helped Wizard 3

~~~ Results at the end of the round ~~~

R dead
W dead
W dead
W 0 180 295 1 3
W 0 0 300 2 3
W 0 0 225 3 3
W 0 0 325 3 3
K 0 0 900 3 1

~~ Round 8 ~~
Angel XPAngel was spawned at 1 3
XPAngel helped Wizard 3

~~~ Results at the end of the round ~~~

R dead
W dead
W dead
W 0 240 295 1 3
W 0 0 300 2 3
W 0 0 200 3 3
W 0 0 300 3 3
K 0 0 900 3 1

~~ Round 9 ~~
Angel XPAngel was spawned at 1 3
XPAngel helped Wizard 3
Wizard 3 reached level 1
Wizard 3 reached level 2

~~~ Results at the end of the round ~~~

R dead
W dead
W dead
W 2 300 460 1 3
W 0 0 300 2 3
W 0 0 175 3 3
W 0 0 275 3 3
K 0 0 900 3 1

~~ Round 10 ~~
Angel XPAngel was spawned at 1 3
XPAngel helped Wizard 3
Wizard 3 reached level 3

~~~ Results at the end of the round ~~~

R dead
W dead
W dead
W 3 360 490 1 3
W 0 0 300 2 3
W 0 0 132 3 3
W 0 0 235 3 3
K 0 0 900 3 1

~~ Round 11 ~~
Player Wizard 6 was killed by Knight 7
Angel XPAngel was spawned at 1 3
XPAngel helped Wizard 3
Wizard 3 reached level 4

~~~ Results at the end of the round ~~~

R dead
W dead
W dead
W 4 420 520 1 3
W 0 0 300 2 3
W 0 0 118 3 3
W dead
K 0 200 688 3 2

~~ Round 12 ~~
Angel XPAngel was spawned at 1 3
XPAngel helped Wizard 3
Wizard 3 reached level 5

~~~ Results at the end of the round ~~~

R dead
W dead
W dead
W 5 480 550 1 3
W 0 0 232 3 3
W 0 0 84 3 3
W dead
K 0 200 688 3 2

~~ Round 13 ~~
Angel LifeGiver was spawned at 3 3
LifeGiver helped Wizard 4
LifeGiver helped Wizard 5
Angel LifeGiver was spawned at 3 3
LifeGiver helped Wizard 4
LifeGiver helped Wizard 5
Angel LifeGiver was spawned at 3 3
LifeGiver helped Wizard 4
LifeGiver helped Wizard 5

~~~ Results at the end of the round ~~~

R dead
W dead
W dead
W 5 480 550 1 3
W 0 0 400 3 3
W 0 0 400 3 3
W dead
K 0 200 688 3 2

~~ Round 14 ~~
Angel Dracula was spawned at 3 3
Dracula hit Wizard 4
Dracula hit Wizard 5
Angel GoodBoy was spawned at 3 3
GoodBoy helped Wizard 4
GoodBoy helped Wizard 5
Angel LevelUpAngel was spawned at 3 3
LevelUpAngel helped Wizard 4
Wizard 4 reached level 1
LevelUpAngel helped Wizard 5
Wizard 5 reached level 1

~~~ Results at the end of the round ~~~

R dead
W dead
W dead
W 5 480 550 1 3
W 1 250 430 3 3
W 1 250 430 3 3
W dead
K 0 200 688 3 2

~~ Round 15 ~~
Angel DarkAngel was spawned at 3 2
DarkAngel hit Knight 7

~~~ Results at the end of the round ~~~

R dead
W dead
W dead
W 5 480 550 1 3
W 1 250 340 3 3
W 1 250 391 3 3
W dead
K 0 200 648 3 2

~~ Round 16 ~~
Angel Spawner was spawned at 3 2
Spawner helped Wizard 6
Player Wizard 6 was brought to life by an angel

~~~ Results at the end of the round ~~~

R dead
W dead
W dead
W 5 480 550 1 3
W 1 250 340 3 3
W 1 250 126 3 2
W 0 0 120 3 2
K 0 200 99 3 2

~~ Results ~~
R dead
W dead
W dead
W 5 480 550 1 3
W 1 250 340 3 3
W 1 250 126 3 2
W 0 0 120 3 2
K 0 200 99 3 2
