~~ Round 1 ~~
Angel TheDoomer was spawned at 0 0
TheDoomer hit Rogue 0
Player Rogue 0 was killed by an angel
TheDoomer hit Rogue 1
Player Rogue 1 was killed by an angel

~~~ Results at the end of the round ~~~

R dead
R dead

~~ Round 2 ~~
Angel Spawner was spawned at 0 0
Spawner helped Rogue 0
Player Rogue 0 was brought to life by an angel
Spawner helped Rogue 1
Player Rogue 1 was brought to life by an angel

~~~ Results at the end of the round ~~~

R 0 0 180 0 0
R 0 0 180 0 0

~~ Results ~~
R 0 0 180 0 0
R 0 0 180 0 0
