~~ Round 1 ~~
Angel DamageAngel was spawned at 0 0
DamageAngel helped Pyromancer 0
DamageAngel helped Rogue 1

~~~ Results at the end of the round ~~~

P 0 0 202 0 0
R 0 0 100 0 0

~~ Round 2 ~~
Player Rogue 1 was killed by Pyromancer 0
Player Pyromancer 0 was killed by Rogue 1
Angel XPAngel was spawned at 0 0
Angel XPAngel was spawned at 0 0
Angel XPAngel was spawned at 0 0
Angel XPAngel was spawned at 0 0
Angel XPAngel was spawned at 0 0

~~~ Results at the end of the round ~~~

P dead
R dead

~~ Results ~~
P dead
R dead
