~~ Round 1 ~~
Angel DarkAngel was spawned at 0 0
DarkAngel hit Rogue 0
DarkAngel hit Rogue 1
Angel Spawner was spawned at 0 0
Angel XPAngel was spawned at 0 0
XPAngel helped Rogue 0
XPAngel helped Rogue 1

~~~ Results at the end of the round ~~~

R 0 40 314 0 0
R 0 40 314 0 0

~~ Round 2 ~~
Angel Dracula was spawned at 0 0
Dracula hit Rogue 0
Player Rogue 0 was killed by an angel
Dracula hit Rogue 1
Player Rogue 1 was killed by an angel
Angel Dracula was spawned at 0 0

~~~ Results at the end of the round ~~~

R dead
R dead

~~ Results ~~
R dead
R dead
