~~ Round 1 ~~
Player Wizard 0 was killed by Pyromancer 1
Angel XPAngel was spawned at 0 0
XPAngel helped Pyromancer 1
Pyromancer 1 reached level 1
Angel LevelUpAngel was spawned at 0 0
LevelUpAngel helped Pyromancer 1
Pyromancer 1 reached level 2
Angel XPAngel was spawned at 0 0
XPAngel helped Pyromancer 1
Pyromancer 1 reached level 3

~~~ Results at the end of the round ~~~

W dead
P 3 350 650 0 0

~~ Round 2 ~~
Angel DamageAngel was spawned at 0 0
DamageAngel helped Pyromancer 1
Angel LifeGiver was spawned at 0 0
LifeGiver helped Pyromancer 1

~~~ Results at the end of the round ~~~

W dead
P 3 350 650 0 0

~~ Results ~~
W dead
P 3 350 650 0 0
