~~ Round 1 ~~
Angel DarkAngel was spawned at 0 0
DarkAngel hit Knight 0
DarkAngel hit Wizard 1
Angel DarkAngel was spawned at 0 0
DarkAngel hit Knight 0
DarkAngel hit Wizard 1
Angel DarkAngel was spawned at 0 0
DarkAngel hit Knight 0
DarkAngel hit Wizard 1
Angel DarkAngel was spawned at 0 0
DarkAngel hit Knight 0
DarkAngel hit Wizard 1
Angel DarkAngel was spawned at 0 0
DarkAngel hit Knight 0
DarkAngel hit Wizard 1

~~~ Results at the end of the round ~~~

K 0 0 488 0 0
W 0 0 35 0 0

~~ Round 2 ~~
Player Wizard 1 was killed by Knight 0
Angel DarkAngel was spawned at 0 0
DarkAngel hit Knight 0
Angel DarkAngel was spawned at 0 0
DarkAngel hit Knight 0
Angel DarkAngel was spawned at 0 0
DarkAngel hit Knight 0
Angel DarkAngel was spawned at 0 0
DarkAngel hit Knight 0
Angel DarkAngel was spawned at 0 0
DarkAngel hit Knight 0

~~~ Results at the end of the round ~~~

K 0 200 76 0 0
W dead

~~ Results ~~
K 0 200 76 0 0
W dead
