~~ Round 1 ~~
Angel SmallAngel was spawned at 0 0
SmallAngel helped Wizard 0
SmallAngel helped Knight 1

~~~ Results at the end of the round ~~~

W 0 0 160 0 0
K 0 0 677 0 0

~~ Round 2 ~~
Player Wizard 0 was killed by Knight 1
Angel XPAngel was spawned at 0 0
XPAngel helped Knight 1
Angel XPAngel was spawned at 0 0
XPAngel helped Knight 1
Knight 1 reached level 1
Angel XPAngel was spawned at 0 0
XPAngel helped Knight 1
Knight 1 reached level 2
Angel XPAngel was spawned at 0 0
XPAngel helped Knight 1
Knight 1 reached level 3
Angel XPAngel was spawned at 0 0
XPAngel helped Knight 1
Knight 1 reached level 4
Angel XPAngel was spawned at 0 0
XPAngel helped Knight 1
Knight 1 reached level 5

~~~ Results at the end of the round ~~~

W dead
K 5 470 1300 0 0

~~ Results ~~
W dead
K 5 470 1300 0 0
