~~ Round 1 ~~
Angel DamageAngel was spawned at 0 0
DamageAngel helped Pyromancer 0
DamageAngel helped Knight 1
Angel XPAngel was spawned at 3 1
XPAngel helped Rogue 6

~~~ Results at the end of the round ~~~

P 0 0 190 0 0
K 0 0 148 0 0
W 0 0 400 1 0
P 0 0 190 2 0
K 0 0 148 2 0
W 0 0 400 3 0
R 0 40 600 3 1

~~ Round 2 ~~
Player Knight 1 was killed by Wizard 2
Player Knight 4 was killed by Wizard 5

~~~ Results at the end of the round ~~~

P 0 0 190 0 0
K dead
W 0 200 150 1 0
P 0 0 190 2 0
K dead
W 0 200 195 3 0
R 0 40 600 3 1

~~ Round 3 ~~
Player Wizard 5 was killed by Rogue 6

~~~ Results at the end of the round ~~~

P 0 0 190 0 0
K dead
W 0 200 150 1 0
P 0 0 190 2 0
K dead
W dead
R 0 240 470 3 0

~~ Round 4 ~~
Angel TheDoomer was spawned at 0 0
TheDoomer hit Pyromancer 0
Player Pyromancer 0 was killed by an angel

~~~ Results at the end of the round ~~~

P dead
K dead
W 0 200 135 1 1
P 0 0 190 2 0
K dead
W dead
R 0 240 470 3 1

~~ Round 5 ~~
Player Wizard 2 was killed by Rogue 6
Rogue 6 reached level 1
Rogue 6 reached level 2
Rogue 6 reached level 3
Rogue 6 reached level 4

~~~ Results at the end of the round ~~~

P dead
K dead
W dead
P 0 0 190 2 0
K dead
W dead
R 4 440 760 2 1

~~ Results ~~
P dead
K dead
W dead
P 0 0 190 2 0
K dead
W dead
R 4 440 760 2 1
