~~ Round 1 ~~
Angel Dracula was spawned at 0 0
Dracula hit Knight 0
Dracula hit Rogue 1
Angel DarkAngel was spawned at 0 0
DarkAngel hit Knight 0
DarkAngel hit Rogue 1
Angel DarkAngel was spawned at 0 0
DarkAngel hit Knight 0
DarkAngel hit Rogue 1

~~~ Results at the end of the round ~~~

K 0 0 548 0 0
R 0 0 235 0 0

~~ Round 2 ~~
Player Rogue 1 was killed by Knight 0
Angel TheDoomer was spawned at 0 0
TheDoomer hit Knight 0
Player Knight 0 was killed by an angel
Angel TheDoomer was spawned at 0 0

~~~ Results at the end of the round ~~~

K dead
R dead

~~ Results ~~
K dead
R dead
