~~ Round 1 ~~
Angel DamageAngel was spawned at 0 0
DamageAngel helped Pyromancer 0
DamageAngel helped Pyromancer 1
Angel DamageAngel was spawned at 0 0
DamageAngel helped Pyromancer 0
DamageAngel helped Pyromancer 1
Angel DamageAngel was spawned at 0 0
DamageAngel helped Pyromancer 0
DamageAngel helped Pyromancer 1
Angel DamageAngel was spawned at 0 0
DamageAngel helped Pyromancer 0
DamageAngel helped Pyromancer 1

~~~ Results at the end of the round ~~~

P 0 0 50 0 0
P 0 0 50 0 0

~~ Round 2 ~~
Player Pyromancer 1 was killed by Pyromancer 0
Player Pyromancer 0 was killed by Pyromancer 1
Angel Dracula was spawned at 0 0

~~~ Results at the end of the round ~~~

P dead
P dead

~~ Results ~~
P dead
P dead
