~~ Round 1 ~~
Player Wizard 1 was killed by Pyromancer 0
Angel Dracula was spawned at 0 0
Dracula hit Pyromancer 0
Angel DamageAngel was spawned at 0 0
DamageAngel helped Pyromancer 0
Angel DarkAngel was spawned at 0 0
DarkAngel hit Pyromancer 0
Angel LevelUpAngel was spawned at 0 0
LevelUpAngel helped Pyromancer 0
Pyromancer 0 reached level 1

~~~ Results at the end of the round ~~~

P 1 250 550 0 0
W dead

~~ Round 2 ~~
Angel XPAngel was spawned at 0 0
XPAngel helped Pyromancer 0
Pyromancer 0 reached level 2
Angel DarkAngel was spawned at 0 0
DarkAngel hit Pyromancer 0
Angel Spawner was spawned at 0 0
Spawner helped Wizard 1
Player Wizard 1 was brought to life by an angel

~~~ Results at the end of the round ~~~

P 2 300 570 0 0
W 0 0 120 0 0

~~ Results ~~
P 2 300 570 0 0
W 0 0 120 0 0
