~~ Round 1 ~~
Angel XPAngel was spawned at 0 0
XPAngel helped Knight 0
XPAngel helped Rogue 1
Angel XPAngel was spawned at 0 0
XPAngel helped Knight 0
XPAngel helped Rogue 1
Angel XPAngel was spawned at 0 0
XPAngel helped Knight 0
XPAngel helped Rogue 1

~~~ Results at the end of the round ~~~

K 0 135 552 0 0
R 0 120 290 0 0

~~ Round 2 ~~
Player Rogue 1 was killed by Knight 0
Knight 0 reached level 1
Knight 0 reached level 2
Angel XPAngel was spawned at 0 0
XPAngel helped Knight 0
Knight 0 reached level 3
Angel XPAngel was spawned at 0 0
XPAngel helped Knight 0
Knight 0 reached level 4

~~~ Results at the end of the round ~~~

K 4 425 1220 0 0
R dead

~~ Results ~~
K 4 425 1220 0 0
R dead
