~~ Round 1 ~~
Angel LifeGiver was spawned at 0 0
LifeGiver helped Knight 0
LifeGiver helped Wizard 1
Angel LifeGiver was spawned at 0 0
LifeGiver helped Knight 0
LifeGiver helped Wizard 1
Angel LifeGiver was spawned at 0 0
LifeGiver helped Knight 0
LifeGiver helped Wizard 1
Angel LifeGiver was spawned at 0 0
LifeGiver helped Knight 0
LifeGiver helped Wizard 1
Angel LifeGiver was spawned at 0 0
LifeGiver helped Knight 0
LifeGiver helped Wizard 1

~~~ Results at the end of the round ~~~

K 0 0 900 0 0
W 0 0 400 0 0

~~ Round 2 ~~
Angel LifeGiver was spawned at 0 0
LifeGiver helped Knight 0
LifeGiver helped Wizard 1
Angel LifeGiver was spawned at 0 0
LifeGiver helped Knight 0
LifeGiver helped Wizard 1
Angel LifeGiver was spawned at 0 0
LifeGiver helped Knight 0
LifeGiver helped Wizard 1
Angel LifeGiver was spawned at 0 0
LifeGiver helped Knight 0
LifeGiver helped Wizard 1
Angel LifeGiver was spawned at 0 0
LifeGiver helped Knight 0
LifeGiver helped Wizard 1

~~~ Results at the end of the round ~~~

K 0 0 900 0 0
W 0 0 400 0 0

~~ Results ~~
K 0 0 900 0 0
W 0 0 400 0 0
