~~ Round 1 ~~
Angel GoodBoy was spawned at 0 0
GoodBoy helped Wizard 0
GoodBoy helped Wizard 1
Angel GoodBoy was spawned at 0 0
GoodBoy helped Wizard 0
GoodBoy helped Wizard 1

~~~ Results at the end of the round ~~~

W 0 0 400 0 0
W 0 0 400 0 0

~~ Round 2 ~~
Angel LevelUpAngel was spawned at 0 0
LevelUpAngel helped Wizard 0
Wizard 0 reached level 1
LevelUpAngel helped Wizard 1
Wizard 1 reached level 1

~~~ Results at the end of the round ~~~

W 1 250 430 0 0
W 1 250 430 0 0

~~ Results ~~
W 1 250 430 0 0
W 1 250 430 0 0
