~~ Round 1 ~~
Angel LevelUpAngel was spawned at 0 0
LevelUpAngel helped Wizard 0
Wizard 0 reached level 1
LevelUpAngel helped Knight 1
Knight 1 reached level 1
Angel LevelUpAngel was spawned at 0 0
LevelUpAngel helped Wizard 0
Wizard 0 reached level 2
LevelUpAngel helped Knight 1
Knight 1 reached level 2

~~~ Results at the end of the round ~~~

W 2 300 460 0 0
K 2 300 1060 0 0

~~ Round 2 ~~
Player Wizard 0 was killed by Knight 1
Knight 1 reached level 3
Knight 1 reached level 4
Knight 1 reached level 5
Knight 1 reached level 6
Angel GoodBoy was spawned at 0 0
GoodBoy helped Knight 1
Angel LifeGiver was spawned at 0 0
LifeGiver helped Knight 1
Angel DamageAngel was spawned at 0 0
DamageAngel helped Knight 1

~~~ Results at the end of the round ~~~

W dead
K 6 500 1380 0 0

~~ Results ~~
W dead
K 6 500 1380 0 0
