~~ Round 1 ~~
Angel DamageAngel was spawned at 0 0
DamageAngel helped Rogue 0
DamageAngel helped Knight 1

~~~ Results at the end of the round ~~~

R 0 0 290 0 0
K 0 0 688 0 0

~~ Round 2 ~~
Player Rogue 0 was killed by Knight 1
Angel LifeGiver was spawned at 0 0
LifeGiver helped Knight 1
Angel LifeGiver was spawned at 0 0
LifeGiver helped Knight 1
Angel LifeGiver was spawned at 0 0
LifeGiver helped Knight 1
Angel LifeGiver was spawned at 0 0
LifeGiver helped Knight 1
Angel LifeGiver was spawned at 0 0
LifeGiver helped Knight 1

~~~ Results at the end of the round ~~~

R dead
K 0 200 872 0 0

~~ Results ~~
R dead
K 0 200 872 0 0
